-------------------------------------------------------------------------------
Test set: tests.AccountTest
-------------------------------------------------------------------------------
Tests run: 6, Failures: 0, Errors: 6, Skipped: 0, Time elapsed: 2.211 sec <<< FAILURE!
should_find_by_primary_key(tests.AccountTest)  Time elapsed: 0.125 sec  <<< ERROR!
javax.persistence.PersistenceException: Exception [EclipseLink-90000] (Eclipse Persistence Services - 2.4.0.v20120626-r11720): org.eclipse.persistence.eis.EISException
Internal Exception: javax.resource.ResourceException: org.bson.codecs.configuration.CodecConfigurationException: Can't find a codec for class java.sql.Date.
Error Code: 000
Call: Executing MappedInteraction()
	spec => null
	properties => {mongo.collection=TRANSACTION, mongo.operation=INSERT}
	input => [DatabaseRecord(
	TRANSACTION._id => 5601CDD635DFBF2380DA91C0
	TRANSACTION.ACCOUNTNUMBER => 1234567
	TRANSACTION.VALUE => 45.0
	TRANSACTION.DATE => 2015-09-23
	TRANSACTION.TYPE => 2)]
Query: InsertObjectQuery(com.phpm.model.Transaction@20c2ba9)
	at org.eclipse.persistence.internal.jpa.EntityManagerImpl.flush(EntityManagerImpl.java:804)
	at com.phpm.services.BankServices.executeTrasfer(BankServices.java:44)
	at tests.AccountTest.setUp(AccountTest.java:66)
	at sun.reflect.NativeMethodAccessorImpl.invoke0(Native Method)
	at sun.reflect.NativeMethodAccessorImpl.invoke(NativeMethodAccessorImpl.java:57)
	at sun.reflect.DelegatingMethodAccessorImpl.invoke(DelegatingMethodAccessorImpl.java:43)
	at java.lang.reflect.Method.invoke(Method.java:606)
	at org.junit.runners.model.FrameworkMethod$1.runReflectiveCall(FrameworkMethod.java:47)
	at org.junit.internal.runners.model.ReflectiveCallable.run(ReflectiveCallable.java:12)
	at org.junit.runners.model.FrameworkMethod.invokeExplosively(FrameworkMethod.java:44)
	at org.junit.internal.runners.statements.RunBefores.evaluate(RunBefores.java:24)
	at org.junit.internal.runners.statements.RunAfters.evaluate(RunAfters.java:27)
	at org.junit.runners.ParentRunner.runLeaf(ParentRunner.java:271)
	at org.junit.runners.BlockJUnit4ClassRunner.runChild(BlockJUnit4ClassRunner.java:70)
	at org.junit.runners.BlockJUnit4ClassRunner.runChild(BlockJUnit4ClassRunner.java:50)
	at org.junit.runners.ParentRunner$3.run(ParentRunner.java:238)
	at org.junit.runners.ParentRunner$1.schedule(ParentRunner.java:63)
	at org.junit.runners.ParentRunner.runChildren(ParentRunner.java:236)
	at org.junit.runners.ParentRunner.access$000(ParentRunner.java:53)
	at org.junit.runners.ParentRunner$2.evaluate(ParentRunner.java:229)
	at org.junit.internal.runners.statements.RunBefores.evaluate(RunBefores.java:26)
	at org.junit.internal.runners.statements.RunAfters.evaluate(RunAfters.java:27)
	at org.junit.runners.ParentRunner.run(ParentRunner.java:309)
	at org.apache.maven.surefire.junit4.JUnit4Provider.execute(JUnit4Provider.java:252)
	at org.apache.maven.surefire.junit4.JUnit4Provider.executeTestSet(JUnit4Provider.java:141)
	at org.apache.maven.surefire.junit4.JUnit4Provider.invoke(JUnit4Provider.java:112)
	at sun.reflect.NativeMethodAccessorImpl.invoke0(Native Method)
	at sun.reflect.NativeMethodAccessorImpl.invoke(NativeMethodAccessorImpl.java:57)
	at sun.reflect.DelegatingMethodAccessorImpl.invoke(DelegatingMethodAccessorImpl.java:43)
	at java.lang.reflect.Method.invoke(Method.java:606)
	at org.apache.maven.surefire.util.ReflectionUtils.invokeMethodWithArray(ReflectionUtils.java:189)
	at org.apache.maven.surefire.booter.ProviderFactory$ProviderProxy.invoke(ProviderFactory.java:165)
	at org.apache.maven.surefire.booter.ProviderFactory.invokeProvider(ProviderFactory.java:85)
	at org.apache.maven.surefire.booter.ForkedBooter.runSuitesInProcess(ForkedBooter.java:115)
	at org.apache.maven.surefire.booter.ForkedBooter.main(ForkedBooter.java:75)
Caused by: Exception [EclipseLink-90000] (Eclipse Persistence Services - 2.4.0.v20120626-r11720): org.eclipse.persistence.eis.EISException
Internal Exception: javax.resource.ResourceException: org.bson.codecs.configuration.CodecConfigurationException: Can't find a codec for class java.sql.Date.
Error Code: 000
Call: Executing MappedInteraction()
	spec => null
	properties => {mongo.collection=TRANSACTION, mongo.operation=INSERT}
	input => [DatabaseRecord(
	TRANSACTION._id => 5601CDD635DFBF2380DA91C0
	TRANSACTION.ACCOUNTNUMBER => 1234567
	TRANSACTION.VALUE => 45.0
	TRANSACTION.DATE => 2015-09-23
	TRANSACTION.TYPE => 2)]
Query: InsertObjectQuery(com.phpm.model.Transaction@20c2ba9)
	at org.eclipse.persistence.eis.EISException.resourceException(EISException.java:65)
	at org.eclipse.persistence.eis.EISException.resourceException(EISException.java:74)
	at org.eclipse.persistence.eis.EISException.resourceException(EISException.java:78)
	at org.eclipse.persistence.eis.EISAccessor.basicExecuteCall(EISAccessor.java:212)
	at org.eclipse.persistence.eis.EISAccessor.executeCall(EISAccessor.java:112)
	at org.eclipse.persistence.internal.sessions.AbstractSession.basicExecuteCall(AbstractSession.java:1800)
	at org.eclipse.persistence.sessions.server.ClientSession.executeCall(ClientSession.java:286)
	at org.eclipse.persistence.internal.queries.DatasourceCallQueryMechanism.executeCall(DatasourceCallQueryMechanism.java:207)
	at org.eclipse.persistence.internal.queries.DatasourceCallQueryMechanism.executeCall(DatasourceCallQueryMechanism.java:193)
	at org.eclipse.persistence.internal.queries.DatasourceCallQueryMechanism.insertObject(DatasourceCallQueryMechanism.java:342)
	at org.eclipse.persistence.internal.queries.DatabaseQueryMechanism.insertObject(DatabaseQueryMechanism.java:384)
	at org.eclipse.persistence.internal.queries.DatabaseQueryMechanism.insertObjectForWrite(DatabaseQueryMechanism.java:471)
	at org.eclipse.persistence.queries.InsertObjectQuery.executeCommit(InsertObjectQuery.java:80)
	at org.eclipse.persistence.queries.InsertObjectQuery.executeCommitWithChangeSet(InsertObjectQuery.java:90)
	at org.eclipse.persistence.internal.queries.DatabaseQueryMechanism.executeWriteWithChangeSet(DatabaseQueryMechanism.java:286)
	at org.eclipse.persistence.queries.WriteObjectQuery.executeDatabaseQuery(WriteObjectQuery.java:58)
	at org.eclipse.persistence.queries.DatabaseQuery.execute(DatabaseQuery.java:852)
	at org.eclipse.persistence.queries.DatabaseQuery.executeInUnitOfWork(DatabaseQuery.java:751)
	at org.eclipse.persistence.queries.ObjectLevelModifyQuery.executeInUnitOfWorkObjectLevelModifyQuery(ObjectLevelModifyQuery.java:108)
	at org.eclipse.persistence.queries.ObjectLevelModifyQuery.executeInUnitOfWork(ObjectLevelModifyQuery.java:85)
	at org.eclipse.persistence.internal.sessions.UnitOfWorkImpl.internalExecuteQuery(UnitOfWorkImpl.java:2875)
	at org.eclipse.persistence.internal.sessions.AbstractSession.executeQuery(AbstractSession.java:1602)
	at org.eclipse.persistence.internal.sessions.AbstractSession.executeQuery(AbstractSession.java:1584)
	at org.eclipse.persistence.internal.sessions.AbstractSession.executeQuery(AbstractSession.java:1535)
	at org.eclipse.persistence.internal.sessions.CommitManager.commitNewObjectsForClassWithChangeSet(CommitManager.java:224)
	at org.eclipse.persistence.internal.sessions.CommitManager.commitAllObjectsForClassWithChangeSet(CommitManager.java:191)
	at org.eclipse.persistence.internal.sessions.CommitManager.commitAllObjectsWithChangeSet(CommitManager.java:136)
	at org.eclipse.persistence.internal.sessions.AbstractSession.writeAllObjectsWithChangeSet(AbstractSession.java:3914)
	at org.eclipse.persistence.internal.sessions.UnitOfWorkImpl.commitToDatabase(UnitOfWorkImpl.java:1419)
	at org.eclipse.persistence.internal.sessions.RepeatableWriteUnitOfWork.commitToDatabase(RepeatableWriteUnitOfWork.java:634)
	at org.eclipse.persistence.internal.sessions.UnitOfWorkImpl.commitToDatabaseWithPreBuiltChangeSet(UnitOfWorkImpl.java:1565)
	at org.eclipse.persistence.internal.sessions.RepeatableWriteUnitOfWork.writeChanges(RepeatableWriteUnitOfWork.java:445)
	at org.eclipse.persistence.internal.jpa.EntityManagerImpl.flush(EntityManagerImpl.java:798)
	... 34 more
Caused by: javax.resource.ResourceException: org.bson.codecs.configuration.CodecConfigurationException: Can't find a codec for class java.sql.Date.
	at org.eclipse.persistence.internal.nosql.adapters.mongo.MongoInteraction.execute(MongoInteraction.java:182)
	at org.eclipse.persistence.eis.EISAccessor.basicExecuteCall(EISAccessor.java:163)
	... 63 more
Caused by: org.bson.codecs.configuration.CodecConfigurationException: Can't find a codec for class java.sql.Date.
	at org.bson.codecs.configuration.CodecCache.getOrThrow(CodecCache.java:46)
	at org.bson.codecs.configuration.ProvidersCodecRegistry.get(ProvidersCodecRegistry.java:63)
	at org.bson.codecs.configuration.ProvidersCodecRegistry.get(ProvidersCodecRegistry.java:37)
	at com.mongodb.DBObjectCodec.writeValue(DBObjectCodec.java:210)
	at com.mongodb.DBObjectCodec.encode(DBObjectCodec.java:128)
	at com.mongodb.DBObjectCodec.encode(DBObjectCodec.java:61)
	at com.mongodb.CompoundDBObjectCodec.encode(CompoundDBObjectCodec.java:48)
	at com.mongodb.CompoundDBObjectCodec.encode(CompoundDBObjectCodec.java:27)
	at org.bson.codecs.BsonDocumentWrapperCodec.encode(BsonDocumentWrapperCodec.java:63)
	at org.bson.codecs.BsonDocumentWrapperCodec.encode(BsonDocumentWrapperCodec.java:29)
	at com.mongodb.connection.RequestMessage.addDocument(RequestMessage.java:216)
	at com.mongodb.connection.RequestMessage.addCollectibleDocument(RequestMessage.java:182)
	at com.mongodb.connection.InsertMessage.encodeMessageBody(InsertMessage.java:63)
	at com.mongodb.connection.RequestMessage.encode(RequestMessage.java:132)
	at com.mongodb.connection.WriteProtocol.sendMessage(WriteProtocol.java:107)
	at com.mongodb.connection.WriteProtocol.execute(WriteProtocol.java:59)
	at com.mongodb.connection.InsertProtocol.execute(InsertProtocol.java:66)
	at com.mongodb.connection.InsertProtocol.execute(InsertProtocol.java:37)
	at com.mongodb.connection.DefaultServer$DefaultServerProtocolExecutor.execute(DefaultServer.java:155)
	at com.mongodb.connection.DefaultServerConnection.executeProtocol(DefaultServerConnection.java:219)
	at com.mongodb.connection.DefaultServerConnection.insert(DefaultServerConnection.java:72)
	at com.mongodb.operation.InsertOperation.executeProtocol(InsertOperation.java:66)
	at com.mongodb.operation.BaseWriteOperation$1.call(BaseWriteOperation.java:113)
	at com.mongodb.operation.BaseWriteOperation$1.call(BaseWriteOperation.java:106)
	at com.mongodb.operation.OperationHelper.withConnectionSource(OperationHelper.java:186)
	at com.mongodb.operation.OperationHelper.withConnection(OperationHelper.java:177)
	at com.mongodb.operation.BaseWriteOperation.execute(BaseWriteOperation.java:106)
	at com.mongodb.operation.BaseWriteOperation.execute(BaseWriteOperation.java:58)
	at com.mongodb.Mongo.execute(Mongo.java:747)
	at com.mongodb.Mongo$2.execute(Mongo.java:730)
	at com.mongodb.DBCollection.executeWriteOperation(DBCollection.java:327)
	at com.mongodb.DBCollection.insert(DBCollection.java:323)
	at com.mongodb.DBCollection.insert(DBCollection.java:314)
	at com.mongodb.DBCollection.insert(DBCollection.java:284)
	at com.mongodb.DBCollection.insert(DBCollection.java:250)
	at com.mongodb.DBCollection.insert(DBCollection.java:187)
	at org.eclipse.persistence.internal.nosql.adapters.mongo.MongoInteraction.execute(MongoInteraction.java:135)
	... 64 more

should_find_by_primary_key(tests.AccountTest)  Time elapsed: 0.127 sec  <<< ERROR!
javax.persistence.RollbackException: Exception [EclipseLink-90000] (Eclipse Persistence Services - 2.4.0.v20120626-r11720): org.eclipse.persistence.eis.EISException
Internal Exception: javax.resource.ResourceException: java.lang.UnsupportedOperationException: Cannot get n property for an unacknowledged write
Error Code: 000
Call: Executing MappedInteraction()
	spec => null
	properties => {mongo.collection=ACCOUNT, mongo.operation=UPDATE}
	input => [DatabaseRecord(
	ACCOUNT._id => 5601CDD635DFBF2380DA91BD
	ACCOUNT.BALANCE => 55.0
	ACCOUNT.ACCOUNTNUMBER => 1234321
	ACCOUNT.USERID => null)]
Query: UpdateObjectQuery(com.phpm.model.Account@2666eace)
	at org.eclipse.persistence.internal.jpa.transaction.EntityTransactionImpl.commitInternal(EntityTransactionImpl.java:102)
	at org.eclipse.persistence.internal.jpa.transaction.EntityTransactionImpl.commit(EntityTransactionImpl.java:63)
	at tests.AccountTest.tearDown(AccountTest.java:197)
	at sun.reflect.NativeMethodAccessorImpl.invoke0(Native Method)
	at sun.reflect.NativeMethodAccessorImpl.invoke(NativeMethodAccessorImpl.java:57)
	at sun.reflect.DelegatingMethodAccessorImpl.invoke(DelegatingMethodAccessorImpl.java:43)
	at java.lang.reflect.Method.invoke(Method.java:606)
	at org.junit.runners.model.FrameworkMethod$1.runReflectiveCall(FrameworkMethod.java:47)
	at org.junit.internal.runners.model.ReflectiveCallable.run(ReflectiveCallable.java:12)
	at org.junit.runners.model.FrameworkMethod.invokeExplosively(FrameworkMethod.java:44)
	at org.junit.internal.runners.statements.RunAfters.evaluate(RunAfters.java:33)
	at org.junit.runners.ParentRunner.runLeaf(ParentRunner.java:271)
	at org.junit.runners.BlockJUnit4ClassRunner.runChild(BlockJUnit4ClassRunner.java:70)
	at org.junit.runners.BlockJUnit4ClassRunner.runChild(BlockJUnit4ClassRunner.java:50)
	at org.junit.runners.ParentRunner$3.run(ParentRunner.java:238)
	at org.junit.runners.ParentRunner$1.schedule(ParentRunner.java:63)
	at org.junit.runners.ParentRunner.runChildren(ParentRunner.java:236)
	at org.junit.runners.ParentRunner.access$000(ParentRunner.java:53)
	at org.junit.runners.ParentRunner$2.evaluate(ParentRunner.java:229)
	at org.junit.internal.runners.statements.RunBefores.evaluate(RunBefores.java:26)
	at org.junit.internal.runners.statements.RunAfters.evaluate(RunAfters.java:27)
	at org.junit.runners.ParentRunner.run(ParentRunner.java:309)
	at org.apache.maven.surefire.junit4.JUnit4Provider.execute(JUnit4Provider.java:252)
	at org.apache.maven.surefire.junit4.JUnit4Provider.executeTestSet(JUnit4Provider.java:141)
	at org.apache.maven.surefire.junit4.JUnit4Provider.invoke(JUnit4Provider.java:112)
	at sun.reflect.NativeMethodAccessorImpl.invoke0(Native Method)
	at sun.reflect.NativeMethodAccessorImpl.invoke(NativeMethodAccessorImpl.java:57)
	at sun.reflect.DelegatingMethodAccessorImpl.invoke(DelegatingMethodAccessorImpl.java:43)
	at java.lang.reflect.Method.invoke(Method.java:606)
	at org.apache.maven.surefire.util.ReflectionUtils.invokeMethodWithArray(ReflectionUtils.java:189)
	at org.apache.maven.surefire.booter.ProviderFactory$ProviderProxy.invoke(ProviderFactory.java:165)
	at org.apache.maven.surefire.booter.ProviderFactory.invokeProvider(ProviderFactory.java:85)
	at org.apache.maven.surefire.booter.ForkedBooter.runSuitesInProcess(ForkedBooter.java:115)
	at org.apache.maven.surefire.booter.ForkedBooter.main(ForkedBooter.java:75)
Caused by: Exception [EclipseLink-90000] (Eclipse Persistence Services - 2.4.0.v20120626-r11720): org.eclipse.persistence.eis.EISException
Internal Exception: javax.resource.ResourceException: java.lang.UnsupportedOperationException: Cannot get n property for an unacknowledged write
Error Code: 000
Call: Executing MappedInteraction()
	spec => null
	properties => {mongo.collection=ACCOUNT, mongo.operation=UPDATE}
	input => [DatabaseRecord(
	ACCOUNT._id => 5601CDD635DFBF2380DA91BD
	ACCOUNT.BALANCE => 55.0
	ACCOUNT.ACCOUNTNUMBER => 1234321
	ACCOUNT.USERID => null)]
Query: UpdateObjectQuery(com.phpm.model.Account@2666eace)
	at org.eclipse.persistence.eis.EISException.resourceException(EISException.java:65)
	at org.eclipse.persistence.eis.EISException.resourceException(EISException.java:74)
	at org.eclipse.persistence.eis.EISException.resourceException(EISException.java:78)
	at org.eclipse.persistence.eis.EISAccessor.basicExecuteCall(EISAccessor.java:212)
	at org.eclipse.persistence.eis.EISAccessor.executeCall(EISAccessor.java:112)
	at org.eclipse.persistence.internal.sessions.AbstractSession.basicExecuteCall(AbstractSession.java:1800)
	at org.eclipse.persistence.sessions.server.ClientSession.executeCall(ClientSession.java:286)
	at org.eclipse.persistence.internal.queries.DatasourceCallQueryMechanism.executeCall(DatasourceCallQueryMechanism.java:207)
	at org.eclipse.persistence.internal.queries.DatasourceCallQueryMechanism.executeCall(DatasourceCallQueryMechanism.java:193)
	at org.eclipse.persistence.internal.queries.DatasourceCallQueryMechanism.updateObject(DatasourceCallQueryMechanism.java:751)
	at org.eclipse.persistence.internal.queries.DatabaseQueryMechanism.updateObjectForWriteWithChangeSet(DatabaseQueryMechanism.java:1036)
	at org.eclipse.persistence.queries.UpdateObjectQuery.executeCommitWithChangeSet(UpdateObjectQuery.java:84)
	at org.eclipse.persistence.internal.queries.DatabaseQueryMechanism.executeWriteWithChangeSet(DatabaseQueryMechanism.java:286)
	at org.eclipse.persistence.queries.WriteObjectQuery.executeDatabaseQuery(WriteObjectQuery.java:58)
	at org.eclipse.persistence.queries.DatabaseQuery.execute(DatabaseQuery.java:852)
	at org.eclipse.persistence.queries.DatabaseQuery.executeInUnitOfWork(DatabaseQuery.java:751)
	at org.eclipse.persistence.queries.ObjectLevelModifyQuery.executeInUnitOfWorkObjectLevelModifyQuery(ObjectLevelModifyQuery.java:108)
	at org.eclipse.persistence.queries.ObjectLevelModifyQuery.executeInUnitOfWork(ObjectLevelModifyQuery.java:85)
	at org.eclipse.persistence.internal.sessions.UnitOfWorkImpl.internalExecuteQuery(UnitOfWorkImpl.java:2875)
	at org.eclipse.persistence.internal.sessions.AbstractSession.executeQuery(AbstractSession.java:1602)
	at org.eclipse.persistence.internal.sessions.AbstractSession.executeQuery(AbstractSession.java:1584)
	at org.eclipse.persistence.internal.sessions.AbstractSession.executeQuery(AbstractSession.java:1535)
	at org.eclipse.persistence.internal.sessions.CommitManager.commitChangedObjectsForClassWithChangeSet(CommitManager.java:265)
	at org.eclipse.persistence.internal.sessions.CommitManager.commitAllObjectsWithChangeSet(CommitManager.java:128)
	at org.eclipse.persistence.internal.sessions.AbstractSession.writeAllObjectsWithChangeSet(AbstractSession.java:3914)
	at org.eclipse.persistence.internal.sessions.UnitOfWorkImpl.commitToDatabase(UnitOfWorkImpl.java:1419)
	at org.eclipse.persistence.internal.sessions.RepeatableWriteUnitOfWork.commitToDatabase(RepeatableWriteUnitOfWork.java:634)
	at org.eclipse.persistence.internal.sessions.UnitOfWorkImpl.commitToDatabaseWithChangeSet(UnitOfWorkImpl.java:1509)
	at org.eclipse.persistence.internal.sessions.RepeatableWriteUnitOfWork.commitRootUnitOfWork(RepeatableWriteUnitOfWork.java:266)
	at org.eclipse.persistence.internal.sessions.UnitOfWorkImpl.commitAndResume(UnitOfWorkImpl.java:1147)
	at org.eclipse.persistence.internal.jpa.transaction.EntityTransactionImpl.commitInternal(EntityTransactionImpl.java:84)
	... 33 more
Caused by: javax.resource.ResourceException: java.lang.UnsupportedOperationException: Cannot get n property for an unacknowledged write
	at org.eclipse.persistence.internal.nosql.adapters.mongo.MongoInteraction.execute(MongoInteraction.java:89)
	at org.eclipse.persistence.eis.EISAccessor.basicExecuteCall(EISAccessor.java:165)
	... 60 more
Caused by: java.lang.UnsupportedOperationException: Cannot get n property for an unacknowledged write
	at com.mongodb.WriteResult.throwIfUnacknowledged(WriteResult.java:128)
	at com.mongodb.WriteResult.getN(WriteResult.java:83)
	at org.eclipse.persistence.internal.nosql.adapters.mongo.MongoInteraction.execute(MongoInteraction.java:84)
	... 61 more

should_find_by_primary_with_native_query(tests.AccountTest)  Time elapsed: 0.467 sec  <<< ERROR!
java.lang.IllegalStateException: 
Exception Description: Transaction is currently active
	at org.eclipse.persistence.internal.jpa.transaction.EntityTransactionImpl.begin(EntityTransactionImpl.java:45)
	at com.phpm.services.BankServices.executeTrasfer(BankServices.java:39)
	at tests.AccountTest.setUp(AccountTest.java:66)
	at sun.reflect.NativeMethodAccessorImpl.invoke0(Native Method)
	at sun.reflect.NativeMethodAccessorImpl.invoke(NativeMethodAccessorImpl.java:57)
	at sun.reflect.DelegatingMethodAccessorImpl.invoke(DelegatingMethodAccessorImpl.java:43)
	at java.lang.reflect.Method.invoke(Method.java:606)
	at org.junit.runners.model.FrameworkMethod$1.runReflectiveCall(FrameworkMethod.java:47)
	at org.junit.internal.runners.model.ReflectiveCallable.run(ReflectiveCallable.java:12)
	at org.junit.runners.model.FrameworkMethod.invokeExplosively(FrameworkMethod.java:44)
	at org.junit.internal.runners.statements.RunBefores.evaluate(RunBefores.java:24)
	at org.junit.internal.runners.statements.RunAfters.evaluate(RunAfters.java:27)
	at org.junit.runners.ParentRunner.runLeaf(ParentRunner.java:271)
	at org.junit.runners.BlockJUnit4ClassRunner.runChild(BlockJUnit4ClassRunner.java:70)
	at org.junit.runners.BlockJUnit4ClassRunner.runChild(BlockJUnit4ClassRunner.java:50)
	at org.junit.runners.ParentRunner$3.run(ParentRunner.java:238)
	at org.junit.runners.ParentRunner$1.schedule(ParentRunner.java:63)
	at org.junit.runners.ParentRunner.runChildren(ParentRunner.java:236)
	at org.junit.runners.ParentRunner.access$000(ParentRunner.java:53)
	at org.junit.runners.ParentRunner$2.evaluate(ParentRunner.java:229)
	at org.junit.internal.runners.statements.RunBefores.evaluate(RunBefores.java:26)
	at org.junit.internal.runners.statements.RunAfters.evaluate(RunAfters.java:27)
	at org.junit.runners.ParentRunner.run(ParentRunner.java:309)
	at org.apache.maven.surefire.junit4.JUnit4Provider.execute(JUnit4Provider.java:252)
	at org.apache.maven.surefire.junit4.JUnit4Provider.executeTestSet(JUnit4Provider.java:141)
	at org.apache.maven.surefire.junit4.JUnit4Provider.invoke(JUnit4Provider.java:112)
	at sun.reflect.NativeMethodAccessorImpl.invoke0(Native Method)
	at sun.reflect.NativeMethodAccessorImpl.invoke(NativeMethodAccessorImpl.java:57)
	at sun.reflect.DelegatingMethodAccessorImpl.invoke(DelegatingMethodAccessorImpl.java:43)
	at java.lang.reflect.Method.invoke(Method.java:606)
	at org.apache.maven.surefire.util.ReflectionUtils.invokeMethodWithArray(ReflectionUtils.java:189)
	at org.apache.maven.surefire.booter.ProviderFactory$ProviderProxy.invoke(ProviderFactory.java:165)
	at org.apache.maven.surefire.booter.ProviderFactory.invokeProvider(ProviderFactory.java:85)
	at org.apache.maven.surefire.booter.ForkedBooter.runSuitesInProcess(ForkedBooter.java:115)
	at org.apache.maven.surefire.booter.ForkedBooter.main(ForkedBooter.java:75)

should_find_by_primary_with_native_query(tests.AccountTest)  Time elapsed: 0.468 sec  <<< ERROR!
javax.persistence.RollbackException: Exception [EclipseLink-90000] (Eclipse Persistence Services - 2.4.0.v20120626-r11720): org.eclipse.persistence.eis.EISException
Internal Exception: javax.resource.ResourceException: java.lang.UnsupportedOperationException: Cannot get n property for an unacknowledged write
Error Code: 000
Call: Executing MappedInteraction()
	spec => null
	properties => {mongo.collection=ACCOUNT, mongo.operation=UPDATE}
	input => [DatabaseRecord(
	ACCOUNT._id => 5601CDD735DFBF2380DA91C2
	ACCOUNT.BALANCE => 55.0
	ACCOUNT.ACCOUNTNUMBER => 1234321
	ACCOUNT.USERID => null)]
Query: UpdateObjectQuery(com.phpm.model.Account@535265e)
	at org.eclipse.persistence.internal.jpa.transaction.EntityTransactionImpl.commitInternal(EntityTransactionImpl.java:102)
	at org.eclipse.persistence.internal.jpa.transaction.EntityTransactionImpl.commit(EntityTransactionImpl.java:63)
	at tests.AccountTest.tearDown(AccountTest.java:197)
	at sun.reflect.NativeMethodAccessorImpl.invoke0(Native Method)
	at sun.reflect.NativeMethodAccessorImpl.invoke(NativeMethodAccessorImpl.java:57)
	at sun.reflect.DelegatingMethodAccessorImpl.invoke(DelegatingMethodAccessorImpl.java:43)
	at java.lang.reflect.Method.invoke(Method.java:606)
	at org.junit.runners.model.FrameworkMethod$1.runReflectiveCall(FrameworkMethod.java:47)
	at org.junit.internal.runners.model.ReflectiveCallable.run(ReflectiveCallable.java:12)
	at org.junit.runners.model.FrameworkMethod.invokeExplosively(FrameworkMethod.java:44)
	at org.junit.internal.runners.statements.RunAfters.evaluate(RunAfters.java:33)
	at org.junit.runners.ParentRunner.runLeaf(ParentRunner.java:271)
	at org.junit.runners.BlockJUnit4ClassRunner.runChild(BlockJUnit4ClassRunner.java:70)
	at org.junit.runners.BlockJUnit4ClassRunner.runChild(BlockJUnit4ClassRunner.java:50)
	at org.junit.runners.ParentRunner$3.run(ParentRunner.java:238)
	at org.junit.runners.ParentRunner$1.schedule(ParentRunner.java:63)
	at org.junit.runners.ParentRunner.runChildren(ParentRunner.java:236)
	at org.junit.runners.ParentRunner.access$000(ParentRunner.java:53)
	at org.junit.runners.ParentRunner$2.evaluate(ParentRunner.java:229)
	at org.junit.internal.runners.statements.RunBefores.evaluate(RunBefores.java:26)
	at org.junit.internal.runners.statements.RunAfters.evaluate(RunAfters.java:27)
	at org.junit.runners.ParentRunner.run(ParentRunner.java:309)
	at org.apache.maven.surefire.junit4.JUnit4Provider.execute(JUnit4Provider.java:252)
	at org.apache.maven.surefire.junit4.JUnit4Provider.executeTestSet(JUnit4Provider.java:141)
	at org.apache.maven.surefire.junit4.JUnit4Provider.invoke(JUnit4Provider.java:112)
	at sun.reflect.NativeMethodAccessorImpl.invoke0(Native Method)
	at sun.reflect.NativeMethodAccessorImpl.invoke(NativeMethodAccessorImpl.java:57)
	at sun.reflect.DelegatingMethodAccessorImpl.invoke(DelegatingMethodAccessorImpl.java:43)
	at java.lang.reflect.Method.invoke(Method.java:606)
	at org.apache.maven.surefire.util.ReflectionUtils.invokeMethodWithArray(ReflectionUtils.java:189)
	at org.apache.maven.surefire.booter.ProviderFactory$ProviderProxy.invoke(ProviderFactory.java:165)
	at org.apache.maven.surefire.booter.ProviderFactory.invokeProvider(ProviderFactory.java:85)
	at org.apache.maven.surefire.booter.ForkedBooter.runSuitesInProcess(ForkedBooter.java:115)
	at org.apache.maven.surefire.booter.ForkedBooter.main(ForkedBooter.java:75)
Caused by: Exception [EclipseLink-90000] (Eclipse Persistence Services - 2.4.0.v20120626-r11720): org.eclipse.persistence.eis.EISException
Internal Exception: javax.resource.ResourceException: java.lang.UnsupportedOperationException: Cannot get n property for an unacknowledged write
Error Code: 000
Call: Executing MappedInteraction()
	spec => null
	properties => {mongo.collection=ACCOUNT, mongo.operation=UPDATE}
	input => [DatabaseRecord(
	ACCOUNT._id => 5601CDD735DFBF2380DA91C2
	ACCOUNT.BALANCE => 55.0
	ACCOUNT.ACCOUNTNUMBER => 1234321
	ACCOUNT.USERID => null)]
Query: UpdateObjectQuery(com.phpm.model.Account@535265e)
	at org.eclipse.persistence.eis.EISException.resourceException(EISException.java:65)
	at org.eclipse.persistence.eis.EISException.resourceException(EISException.java:74)
	at org.eclipse.persistence.eis.EISException.resourceException(EISException.java:78)
	at org.eclipse.persistence.eis.EISAccessor.basicExecuteCall(EISAccessor.java:212)
	at org.eclipse.persistence.eis.EISAccessor.executeCall(EISAccessor.java:112)
	at org.eclipse.persistence.internal.sessions.AbstractSession.basicExecuteCall(AbstractSession.java:1800)
	at org.eclipse.persistence.sessions.server.ClientSession.executeCall(ClientSession.java:286)
	at org.eclipse.persistence.internal.queries.DatasourceCallQueryMechanism.executeCall(DatasourceCallQueryMechanism.java:207)
	at org.eclipse.persistence.internal.queries.DatasourceCallQueryMechanism.executeCall(DatasourceCallQueryMechanism.java:193)
	at org.eclipse.persistence.internal.queries.DatasourceCallQueryMechanism.updateObject(DatasourceCallQueryMechanism.java:751)
	at org.eclipse.persistence.internal.queries.DatabaseQueryMechanism.updateObjectForWriteWithChangeSet(DatabaseQueryMechanism.java:1036)
	at org.eclipse.persistence.queries.UpdateObjectQuery.executeCommitWithChangeSet(UpdateObjectQuery.java:84)
	at org.eclipse.persistence.internal.queries.DatabaseQueryMechanism.executeWriteWithChangeSet(DatabaseQueryMechanism.java:286)
	at org.eclipse.persistence.queries.WriteObjectQuery.executeDatabaseQuery(WriteObjectQuery.java:58)
	at org.eclipse.persistence.queries.DatabaseQuery.execute(DatabaseQuery.java:852)
	at org.eclipse.persistence.queries.DatabaseQuery.executeInUnitOfWork(DatabaseQuery.java:751)
	at org.eclipse.persistence.queries.ObjectLevelModifyQuery.executeInUnitOfWorkObjectLevelModifyQuery(ObjectLevelModifyQuery.java:108)
	at org.eclipse.persistence.queries.ObjectLevelModifyQuery.executeInUnitOfWork(ObjectLevelModifyQuery.java:85)
	at org.eclipse.persistence.internal.sessions.UnitOfWorkImpl.internalExecuteQuery(UnitOfWorkImpl.java:2875)
	at org.eclipse.persistence.internal.sessions.AbstractSession.executeQuery(AbstractSession.java:1602)
	at org.eclipse.persistence.internal.sessions.AbstractSession.executeQuery(AbstractSession.java:1584)
	at org.eclipse.persistence.internal.sessions.AbstractSession.executeQuery(AbstractSession.java:1535)
	at org.eclipse.persistence.internal.sessions.CommitManager.commitChangedObjectsForClassWithChangeSet(CommitManager.java:265)
	at org.eclipse.persistence.internal.sessions.CommitManager.commitAllObjectsWithChangeSet(CommitManager.java:128)
	at org.eclipse.persistence.internal.sessions.AbstractSession.writeAllObjectsWithChangeSet(AbstractSession.java:3914)
	at org.eclipse.persistence.internal.sessions.UnitOfWorkImpl.commitToDatabase(UnitOfWorkImpl.java:1419)
	at org.eclipse.persistence.internal.sessions.RepeatableWriteUnitOfWork.commitToDatabase(RepeatableWriteUnitOfWork.java:634)
	at org.eclipse.persistence.internal.sessions.UnitOfWorkImpl.commitToDatabaseWithChangeSet(UnitOfWorkImpl.java:1509)
	at org.eclipse.persistence.internal.sessions.RepeatableWriteUnitOfWork.commitRootUnitOfWork(RepeatableWriteUnitOfWork.java:266)
	at org.eclipse.persistence.internal.sessions.UnitOfWorkImpl.commitAndResume(UnitOfWorkImpl.java:1147)
	at org.eclipse.persistence.internal.jpa.transaction.EntityTransactionImpl.commitInternal(EntityTransactionImpl.java:84)
	... 33 more
Caused by: javax.resource.ResourceException: java.lang.UnsupportedOperationException: Cannot get n property for an unacknowledged write
	at org.eclipse.persistence.internal.nosql.adapters.mongo.MongoInteraction.execute(MongoInteraction.java:89)
	at org.eclipse.persistence.eis.EISAccessor.basicExecuteCall(EISAccessor.java:165)
	... 60 more
Caused by: java.lang.UnsupportedOperationException: Cannot get n property for an unacknowledged write
	at com.mongodb.WriteResult.throwIfUnacknowledged(WriteResult.java:128)
	at com.mongodb.WriteResult.getN(WriteResult.java:83)
	at org.eclipse.persistence.internal.nosql.adapters.mongo.MongoInteraction.execute(MongoInteraction.java:84)
	... 61 more

ExecTransfer(tests.AccountTest)  Time elapsed: 0.633 sec  <<< ERROR!
java.lang.IllegalStateException: 
Exception Description: Transaction is currently active
	at org.eclipse.persistence.internal.jpa.transaction.EntityTransactionImpl.begin(EntityTransactionImpl.java:45)
	at com.phpm.services.BankServices.executeTrasfer(BankServices.java:39)
	at tests.AccountTest.setUp(AccountTest.java:66)
	at sun.reflect.NativeMethodAccessorImpl.invoke0(Native Method)
	at sun.reflect.NativeMethodAccessorImpl.invoke(NativeMethodAccessorImpl.java:57)
	at sun.reflect.DelegatingMethodAccessorImpl.invoke(DelegatingMethodAccessorImpl.java:43)
	at java.lang.reflect.Method.invoke(Method.java:606)
	at org.junit.runners.model.FrameworkMethod$1.runReflectiveCall(FrameworkMethod.java:47)
	at org.junit.internal.runners.model.ReflectiveCallable.run(ReflectiveCallable.java:12)
	at org.junit.runners.model.FrameworkMethod.invokeExplosively(FrameworkMethod.java:44)
	at org.junit.internal.runners.statements.RunBefores.evaluate(RunBefores.java:24)
	at org.junit.internal.runners.statements.RunAfters.evaluate(RunAfters.java:27)
	at org.junit.runners.ParentRunner.runLeaf(ParentRunner.java:271)
	at org.junit.runners.BlockJUnit4ClassRunner.runChild(BlockJUnit4ClassRunner.java:70)
	at org.junit.runners.BlockJUnit4ClassRunner.runChild(BlockJUnit4ClassRunner.java:50)
	at org.junit.runners.ParentRunner$3.run(ParentRunner.java:238)
	at org.junit.runners.ParentRunner$1.schedule(ParentRunner.java:63)
	at org.junit.runners.ParentRunner.runChildren(ParentRunner.java:236)
	at org.junit.runners.ParentRunner.access$000(ParentRunner.java:53)
	at org.junit.runners.ParentRunner$2.evaluate(ParentRunner.java:229)
	at org.junit.internal.runners.statements.RunBefores.evaluate(RunBefores.java:26)
	at org.junit.internal.runners.statements.RunAfters.evaluate(RunAfters.java:27)
	at org.junit.runners.ParentRunner.run(ParentRunner.java:309)
	at org.apache.maven.surefire.junit4.JUnit4Provider.execute(JUnit4Provider.java:252)
	at org.apache.maven.surefire.junit4.JUnit4Provider.executeTestSet(JUnit4Provider.java:141)
	at org.apache.maven.surefire.junit4.JUnit4Provider.invoke(JUnit4Provider.java:112)
	at sun.reflect.NativeMethodAccessorImpl.invoke0(Native Method)
	at sun.reflect.NativeMethodAccessorImpl.invoke(NativeMethodAccessorImpl.java:57)
	at sun.reflect.DelegatingMethodAccessorImpl.invoke(DelegatingMethodAccessorImpl.java:43)
	at java.lang.reflect.Method.invoke(Method.java:606)
	at org.apache.maven.surefire.util.ReflectionUtils.invokeMethodWithArray(ReflectionUtils.java:189)
	at org.apache.maven.surefire.booter.ProviderFactory$ProviderProxy.invoke(ProviderFactory.java:165)
	at org.apache.maven.surefire.booter.ProviderFactory.invokeProvider(ProviderFactory.java:85)
	at org.apache.maven.surefire.booter.ForkedBooter.runSuitesInProcess(ForkedBooter.java:115)
	at org.apache.maven.surefire.booter.ForkedBooter.main(ForkedBooter.java:75)

ExecTransfer(tests.AccountTest)  Time elapsed: 0.636 sec  <<< ERROR!
javax.persistence.RollbackException: Exception [EclipseLink-90000] (Eclipse Persistence Services - 2.4.0.v20120626-r11720): org.eclipse.persistence.eis.EISException
Internal Exception: javax.resource.ResourceException: java.lang.UnsupportedOperationException: Cannot get n property for an unacknowledged write
Error Code: 000
Call: Executing MappedInteraction()
	spec => null
	properties => {mongo.collection=ACCOUNT, mongo.operation=UPDATE}
	input => [DatabaseRecord(
	ACCOUNT._id => 5601CDD735DFBF2380DA91C4
	ACCOUNT.BALANCE => 55.0
	ACCOUNT.ACCOUNTNUMBER => 1234321
	ACCOUNT.USERID => null)]
Query: UpdateObjectQuery(com.phpm.model.Account@628d28f1)
	at org.eclipse.persistence.internal.jpa.transaction.EntityTransactionImpl.commitInternal(EntityTransactionImpl.java:102)
	at org.eclipse.persistence.internal.jpa.transaction.EntityTransactionImpl.commit(EntityTransactionImpl.java:63)
	at tests.AccountTest.tearDown(AccountTest.java:197)
	at sun.reflect.NativeMethodAccessorImpl.invoke0(Native Method)
	at sun.reflect.NativeMethodAccessorImpl.invoke(NativeMethodAccessorImpl.java:57)
	at sun.reflect.DelegatingMethodAccessorImpl.invoke(DelegatingMethodAccessorImpl.java:43)
	at java.lang.reflect.Method.invoke(Method.java:606)
	at org.junit.runners.model.FrameworkMethod$1.runReflectiveCall(FrameworkMethod.java:47)
	at org.junit.internal.runners.model.ReflectiveCallable.run(ReflectiveCallable.java:12)
	at org.junit.runners.model.FrameworkMethod.invokeExplosively(FrameworkMethod.java:44)
	at org.junit.internal.runners.statements.RunAfters.evaluate(RunAfters.java:33)
	at org.junit.runners.ParentRunner.runLeaf(ParentRunner.java:271)
	at org.junit.runners.BlockJUnit4ClassRunner.runChild(BlockJUnit4ClassRunner.java:70)
	at org.junit.runners.BlockJUnit4ClassRunner.runChild(BlockJUnit4ClassRunner.java:50)
	at org.junit.runners.ParentRunner$3.run(ParentRunner.java:238)
	at org.junit.runners.ParentRunner$1.schedule(ParentRunner.java:63)
	at org.junit.runners.ParentRunner.runChildren(ParentRunner.java:236)
	at org.junit.runners.ParentRunner.access$000(ParentRunner.java:53)
	at org.junit.runners.ParentRunner$2.evaluate(ParentRunner.java:229)
	at org.junit.internal.runners.statements.RunBefores.evaluate(RunBefores.java:26)
	at org.junit.internal.runners.statements.RunAfters.evaluate(RunAfters.java:27)
	at org.junit.runners.ParentRunner.run(ParentRunner.java:309)
	at org.apache.maven.surefire.junit4.JUnit4Provider.execute(JUnit4Provider.java:252)
	at org.apache.maven.surefire.junit4.JUnit4Provider.executeTestSet(JUnit4Provider.java:141)
	at org.apache.maven.surefire.junit4.JUnit4Provider.invoke(JUnit4Provider.java:112)
	at sun.reflect.NativeMethodAccessorImpl.invoke0(Native Method)
	at sun.reflect.NativeMethodAccessorImpl.invoke(NativeMethodAccessorImpl.java:57)
	at sun.reflect.DelegatingMethodAccessorImpl.invoke(DelegatingMethodAccessorImpl.java:43)
	at java.lang.reflect.Method.invoke(Method.java:606)
	at org.apache.maven.surefire.util.ReflectionUtils.invokeMethodWithArray(ReflectionUtils.java:189)
	at org.apache.maven.surefire.booter.ProviderFactory$ProviderProxy.invoke(ProviderFactory.java:165)
	at org.apache.maven.surefire.booter.ProviderFactory.invokeProvider(ProviderFactory.java:85)
	at org.apache.maven.surefire.booter.ForkedBooter.runSuitesInProcess(ForkedBooter.java:115)
	at org.apache.maven.surefire.booter.ForkedBooter.main(ForkedBooter.java:75)
Caused by: Exception [EclipseLink-90000] (Eclipse Persistence Services - 2.4.0.v20120626-r11720): org.eclipse.persistence.eis.EISException
Internal Exception: javax.resource.ResourceException: java.lang.UnsupportedOperationException: Cannot get n property for an unacknowledged write
Error Code: 000
Call: Executing MappedInteraction()
	spec => null
	properties => {mongo.collection=ACCOUNT, mongo.operation=UPDATE}
	input => [DatabaseRecord(
	ACCOUNT._id => 5601CDD735DFBF2380DA91C4
	ACCOUNT.BALANCE => 55.0
	ACCOUNT.ACCOUNTNUMBER => 1234321
	ACCOUNT.USERID => null)]
Query: UpdateObjectQuery(com.phpm.model.Account@628d28f1)
	at org.eclipse.persistence.eis.EISException.resourceException(EISException.java:65)
	at org.eclipse.persistence.eis.EISException.resourceException(EISException.java:74)
	at org.eclipse.persistence.eis.EISException.resourceException(EISException.java:78)
	at org.eclipse.persistence.eis.EISAccessor.basicExecuteCall(EISAccessor.java:212)
	at org.eclipse.persistence.eis.EISAccessor.executeCall(EISAccessor.java:112)
	at org.eclipse.persistence.internal.sessions.AbstractSession.basicExecuteCall(AbstractSession.java:1800)
	at org.eclipse.persistence.sessions.server.ClientSession.executeCall(ClientSession.java:286)
	at org.eclipse.persistence.internal.queries.DatasourceCallQueryMechanism.executeCall(DatasourceCallQueryMechanism.java:207)
	at org.eclipse.persistence.internal.queries.DatasourceCallQueryMechanism.executeCall(DatasourceCallQueryMechanism.java:193)
	at org.eclipse.persistence.internal.queries.DatasourceCallQueryMechanism.updateObject(DatasourceCallQueryMechanism.java:751)
	at org.eclipse.persistence.internal.queries.DatabaseQueryMechanism.updateObjectForWriteWithChangeSet(DatabaseQueryMechanism.java:1036)
	at org.eclipse.persistence.queries.UpdateObjectQuery.executeCommitWithChangeSet(UpdateObjectQuery.java:84)
	at org.eclipse.persistence.internal.queries.DatabaseQueryMechanism.executeWriteWithChangeSet(DatabaseQueryMechanism.java:286)
	at org.eclipse.persistence.queries.WriteObjectQuery.executeDatabaseQuery(WriteObjectQuery.java:58)
	at org.eclipse.persistence.queries.DatabaseQuery.execute(DatabaseQuery.java:852)
	at org.eclipse.persistence.queries.DatabaseQuery.executeInUnitOfWork(DatabaseQuery.java:751)
	at org.eclipse.persistence.queries.ObjectLevelModifyQuery.executeInUnitOfWorkObjectLevelModifyQuery(ObjectLevelModifyQuery.java:108)
	at org.eclipse.persistence.queries.ObjectLevelModifyQuery.executeInUnitOfWork(ObjectLevelModifyQuery.java:85)
	at org.eclipse.persistence.internal.sessions.UnitOfWorkImpl.internalExecuteQuery(UnitOfWorkImpl.java:2875)
	at org.eclipse.persistence.internal.sessions.AbstractSession.executeQuery(AbstractSession.java:1602)
	at org.eclipse.persistence.internal.sessions.AbstractSession.executeQuery(AbstractSession.java:1584)
	at org.eclipse.persistence.internal.sessions.AbstractSession.executeQuery(AbstractSession.java:1535)
	at org.eclipse.persistence.internal.sessions.CommitManager.commitChangedObjectsForClassWithChangeSet(CommitManager.java:265)
	at org.eclipse.persistence.internal.sessions.CommitManager.commitAllObjectsWithChangeSet(CommitManager.java:128)
	at org.eclipse.persistence.internal.sessions.AbstractSession.writeAllObjectsWithChangeSet(AbstractSession.java:3914)
	at org.eclipse.persistence.internal.sessions.UnitOfWorkImpl.commitToDatabase(UnitOfWorkImpl.java:1419)
	at org.eclipse.persistence.internal.sessions.RepeatableWriteUnitOfWork.commitToDatabase(RepeatableWriteUnitOfWork.java:634)
	at org.eclipse.persistence.internal.sessions.UnitOfWorkImpl.commitToDatabaseWithChangeSet(UnitOfWorkImpl.java:1509)
	at org.eclipse.persistence.internal.sessions.RepeatableWriteUnitOfWork.commitRootUnitOfWork(RepeatableWriteUnitOfWork.java:266)
	at org.eclipse.persistence.internal.sessions.UnitOfWorkImpl.commitAndResume(UnitOfWorkImpl.java:1147)
	at org.eclipse.persistence.internal.jpa.transaction.EntityTransactionImpl.commitInternal(EntityTransactionImpl.java:84)
	... 33 more
Caused by: javax.resource.ResourceException: java.lang.UnsupportedOperationException: Cannot get n property for an unacknowledged write
	at org.eclipse.persistence.internal.nosql.adapters.mongo.MongoInteraction.execute(MongoInteraction.java:89)
	at org.eclipse.persistence.eis.EISAccessor.basicExecuteCall(EISAccessor.java:165)
	... 60 more
Caused by: java.lang.UnsupportedOperationException: Cannot get n property for an unacknowledged write
	at com.mongodb.WriteResult.throwIfUnacknowledged(WriteResult.java:128)
	at com.mongodb.WriteResult.getN(WriteResult.java:83)
	at org.eclipse.persistence.internal.nosql.adapters.mongo.MongoInteraction.execute(MongoInteraction.java:84)
	... 61 more

